[2024/02/15 22:26:32]  Already on 'main'
[2024/02/15 22:26:32]  Your branch is up to date with 'origin/main'.
[2024/02/15 22:26:35]  From github.com:kikuzak/story-blog
[2024/02/15 22:26:35]   * branch            main       -> FETCH_HEAD
[2024/02/15 22:26:35]     ebe03b6..1660d35  main       -> origin/main
[2024/02/15 22:26:35]  Updating ebe03b6..1660d35
[2024/02/15 22:26:35]  Fast-forward
[2024/02/15 22:26:35]   components/search-box.vue       |   5 +-
[2024/02/15 22:26:35]   components/wysiwyg/wysiwyg.vue  |   2 +-
[2024/02/15 22:26:35]   layouts/preview.vue             | 125 ++++++++++++++++++++++++++++++++--------
[2024/02/15 22:26:35]   pages/admin/article/preview.vue |   7 ++-
[2024/02/15 22:26:35]   4 files changed, 111 insertions(+), 28 deletions(-)
[2024/02/15 22:26:35]  
[2024/02/15 22:26:35]  > build
[2024/02/15 22:26:35]  > nuxt build
[2024/02/15 22:26:35]  
[2024/02/15 22:26:36]  
[2024/02/15 22:26:36]   WARN  Current version of Node.js (16.20.2) is unsupported and might cause issues.
[2024/02/15 22:26:36]         Please upgrade to a compatible version >= 18.0.0.
[2024/02/15 22:26:36]  
[2024/02/15 22:26:36]  Nuxt 3.9.0 with Nitro 2.8.1
[2024/02/15 22:26:39]  
[2024/02/15 22:26:39]   WARN  Node fetch compatibility is enabled. Please consider upgrading to Node.js >= 18.
[2024/02/15 22:26:39]  
[2024/02/15 22:26:41]  ℹ Building client...
[2024/02/15 22:26:41]  ℹ vite v5.0.10 building for production...
[2024/02/15 22:26:41]  ℹ transforming...
[2024/02/15 22:26:50]  ℹ ✓ 430 modules transformed.
[2024/02/15 22:26:51]  Inspect report generated at /home/gituser/nuxt/story-blog/.nuxt/analyze/.vite-inspect
[2024/02/15 22:26:51]  ℹ rendering chunks...
[2024/02/15 22:26:52]  ℹ computing gzip size...
[2024/02/15 22:26:52]  ℹ .nuxt/dist/client/_nuxt/icon_category_legend_top_sp.FoaQnZgQ.png          4.19 kB
[2024/02/15 22:26:52]  ℹ .nuxt/dist/client/_nuxt/icon_category_folklore_hover_sp.P2RW3VpD.png      6.37 kB
[2024/02/15 22:26:52]  ℹ .nuxt/dist/client/_nuxt/icon_category_writer_hover_sp.yCqiAiIc.png        7.05 kB
[2024/02/15 22:26:52]  ℹ .nuxt/dist/client/_nuxt/icon_category_others_hover_sp.CBb2bH5Y.png        7.08 kB
[2024/02/15 22:26:52]  ℹ .nuxt/dist/client/_nuxt/icon_category_myth_hover_sp.zyz3T8o3.png          7.09 kB
[2024/02/15 22:26:52]  ℹ .nuxt/dist/client/_nuxt/title_text_1_sp.BGfZPmOO.png                      7.64 kB
[2024/02/15 22:26:52]  ℹ .nuxt/dist/client/_nuxt/icon_category_legend_hover_sp.d-47Ipx_.png        8.15 kB
[2024/02/15 22:26:52]  ℹ .nuxt/dist/client/manifest.json                                          22.12 kB │ gzip:   2.53 kB
[2024/02/15 22:26:52]  ℹ .nuxt/dist/client/_nuxt/title_sp.Eaa23mi-.png                            32.78 kB
[2024/02/15 22:26:52]  ℹ .nuxt/dist/client/_nuxt/sidebar_bg.vyMRz2CC.png                         225.72 kB
[2024/02/15 22:26:52]  ℹ .nuxt/dist/client/_nuxt/background.b3j6KV_U.png                       1,506.63 kB
[2024/02/15 22:26:52]  ℹ .nuxt/dist/client/_nuxt/index.ONWfkvr3.css                                0.21 kB │ gzip:   0.13 kB
[2024/02/15 22:26:52]  ℹ .nuxt/dist/client/_nuxt/preview.IvuVsXFi.css                              0.47 kB │ gzip:   0.23 kB
[2024/02/15 22:26:52]  ℹ .nuxt/dist/client/_nuxt/_id_.wjDCQXrs.css                                 0.47 kB │ gzip:   0.23 kB
[2024/02/15 22:26:52]  ℹ .nuxt/dist/client/_nuxt/_id_.NFehIkgE.css                                 0.66 kB │ gzip:   0.31 kB
[2024/02/15 22:26:52]  ℹ .nuxt/dist/client/_nuxt/index.qsIQcbnZ.css                                0.66 kB │ gzip:   0.31 kB
[2024/02/15 22:26:52]  ℹ .nuxt/dist/client/_nuxt/_kana_.Aqsw5fMR.css                               0.66 kB │ gzip:   0.31 kB
[2024/02/15 22:26:52]  ℹ .nuxt/dist/client/_nuxt/_id_.ZPK2USk7.css                                 0.66 kB │ gzip:   0.31 kB
[2024/02/15 22:26:52]  ℹ .nuxt/dist/client/_nuxt/_id_.i6aBSmcM.css                                 0.66 kB │ gzip:   0.31 kB
[2024/02/15 22:26:52]  ℹ .nuxt/dist/client/_nuxt/_id_.NbjlTI-p.css                                 0.66 kB │ gzip:   0.31 kB
[2024/02/15 22:26:52]  ℹ .nuxt/dist/client/_nuxt/_text_.UKeXy2qW.css                               0.66 kB │ gzip:   0.31 kB
[2024/02/15 22:26:52]  ℹ .nuxt/dist/client/_nuxt/style.gX5-ALsB.css                                0.69 kB │ gzip:   0.39 kB
[2024/02/15 22:26:52]  ℹ .nuxt/dist/client/_nuxt/_category_.w8ort6Dn.css                           0.69 kB │ gzip:   0.31 kB
[2024/02/15 22:26:52]  ℹ .nuxt/dist/client/_nuxt/page-num-count.QEfzvkkW.css                       1.04 kB │ gzip:   0.43 kB
[2024/02/15 22:26:52]  ℹ .nuxt/dist/client/_nuxt/index.W2LGjuuS.css                                1.14 kB │ gzip:   0.38 kB
[2024/02/15 22:26:52]  ℹ .nuxt/dist/client/_nuxt/_id_.hi0FmZFz.css                                 1.24 kB │ gzip:   0.44 kB
[2024/02/15 22:26:52]  ℹ .nuxt/dist/client/_nuxt/index.UDIjhnIC.css                                1.31 kB │ gzip:   0.46 kB
[2024/02/15 22:26:52]  ℹ .nuxt/dist/client/_nuxt/index.W0C637pn.css                                1.63 kB │ gzip:   0.49 kB
[2024/02/15 22:26:52]  ℹ .nuxt/dist/client/_nuxt/side-bar.DAxshdd1.css                             1.74 kB │ gzip:   0.63 kB
[2024/02/15 22:26:52]  ℹ .nuxt/dist/client/_nuxt/error-500.V0P2JAtD.css                            1.95 kB │ gzip:   0.74 kB
[2024/02/15 22:26:52]  ℹ .nuxt/dist/client/_nuxt/_id_.-ZiccOED.css                                 2.30 kB │ gzip:   0.60 kB
[2024/02/15 22:26:52]  ℹ .nuxt/dist/client/_nuxt/index.vhjx3iUc.css                                2.34 kB │ gzip:   0.60 kB
[2024/02/15 22:26:52]  ℹ .nuxt/dist/client/_nuxt/preview.PlHKIsWG.css                              3.03 kB │ gzip:   0.81 kB
[2024/02/15 22:26:52]  ℹ .nuxt/dist/client/_nuxt/search.jiHjp6h9.css                               3.03 kB │ gzip:   0.81 kB
[2024/02/15 22:26:52]  ℹ .nuxt/dist/client/_nuxt/error-404.qFGwA4uS.css                            3.62 kB │ gzip:   1.12 kB
[2024/02/15 22:26:52]  ℹ .nuxt/dist/client/_nuxt/admin.TvaGfbP3.css                                4.06 kB │ gzip:   1.13 kB
[2024/02/15 22:26:52]  ℹ .nuxt/dist/client/_nuxt/theme-sugar.Qk-Q00_e.css                          4.15 kB │ gzip:   1.54 kB
[2024/02/15 22:26:52]  ℹ .nuxt/dist/client/_nuxt/flatpickr.VF-re9is.css                           21.59 kB │ gzip:   4.05 kB
[2024/02/15 22:26:52]  ℹ .nuxt/dist/client/_nuxt/icon_category_legend_top_sp.7IcZCK9D.js           0.13 kB │ gzip:   0.14 kB
[2024/02/15 22:26:52]  ℹ .nuxt/dist/client/_nuxt/icon_category_myth_hover_sp.La9k4x4n.js           0.13 kB │ gzip:   0.14 kB
[2024/02/15 22:26:52]  ℹ .nuxt/dist/client/_nuxt/icon_category_legend_hover_sp.ed9W8xvk.js         0.14 kB │ gzip:   0.15 kB
[2024/02/15 22:26:52]  ℹ .nuxt/dist/client/_nuxt/icon_category_others_hover_sp.UPUpeiwO.js         0.14 kB │ gzip:   0.15 kB
[2024/02/15 22:26:52]  ℹ .nuxt/dist/client/_nuxt/icon_category_writer_hover_sp.QD-TUkqf.js         0.14 kB │ gzip:   0.15 kB
[2024/02/15 22:26:52]  ℹ .nuxt/dist/client/_nuxt/icon_category_folklore_hover_sp.3YJru_l6.js       0.14 kB │ gzip:   0.15 kB
[2024/02/15 22:26:52]  ℹ .nuxt/dist/client/_nuxt/article.mSGQ_2IV.js                               0.18 kB │ gzip:   0.17 kB
[2024/02/15 22:26:52]  ℹ .nuxt/dist/client/_nuxt/article-category.cK9mdqf3.js                      0.18 kB │ gzip:   0.16 kB
[2024/02/15 22:26:52]  ℹ .nuxt/dist/client/_nuxt/default.e02BJzKH.js                               0.19 kB │ gzip:   0.17 kB
[2024/02/15 22:26:52]  ℹ .nuxt/dist/client/_nuxt/region.02yR7Ixo.js                                0.20 kB │ gzip:   0.16 kB
[2024/02/15 22:26:52]  ℹ .nuxt/dist/client/_nuxt/period.l-eFjMy7.js                                0.20 kB │ gzip:   0.16 kB
[2024/02/15 22:26:52]  ℹ .nuxt/dist/client/_nuxt/prefecture.Xwl3TNmB.js                            0.24 kB │ gzip:   0.18 kB
[2024/02/15 22:26:52]  ℹ .nuxt/dist/client/_nuxt/country.2RD-Sx_n.js                               0.24 kB │ gzip:   0.18 kB
[2024/02/15 22:26:52]  ℹ .nuxt/dist/client/_nuxt/validation.H7B8nqmX.js                            0.24 kB │ gzip:   0.22 kB
[2024/02/15 22:26:52]  ℹ .nuxt/dist/client/_nuxt/author.oYLSrQp_.js                                0.33 kB │ gzip:   0.21 kB
[2024/02/15 22:26:52]  ℹ .nuxt/dist/client/_nuxt/title_sp.Pgf7NbiK.js                              0.34 kB │ gzip:   0.26 kB
[2024/02/15 22:26:52]  ℹ .nuxt/dist/client/_nuxt/index.QFmcQCVO.js                                 0.46 kB │ gzip:   0.40 kB
[2024/02/15 22:26:52]  ℹ .nuxt/dist/client/_nuxt/conf.0my2eN62.js                                  0.64 kB │ gzip:   0.42 kB
[2024/02/15 22:26:52]  ℹ .nuxt/dist/client/_nuxt/article.CVNacg4v.js                               0.87 kB │ gzip:   0.39 kB
[2024/02/15 22:26:52]  ℹ .nuxt/dist/client/_nuxt/admin.wU0XdQYT.js                                 0.99 kB │ gzip:   0.60 kB
[2024/02/15 22:26:52]  ℹ .nuxt/dist/client/_nuxt/preview.NvEjRKyS.js                               1.36 kB │ gzip:   0.69 kB
[2024/02/15 22:26:52]  ℹ .nuxt/dist/client/_nuxt/icon_category_folklore_search_sp.UO-a-2eH.js      1.36 kB │ gzip:   1.01 kB
[2024/02/15 22:26:52]  ℹ .nuxt/dist/client/_nuxt/_id_.7nlh8UmH.js                                  1.62 kB │ gzip:   0.84 kB
[2024/02/15 22:26:52]  ℹ .nuxt/dist/client/_nuxt/_id_.ho4-WiFD.js                                  1.78 kB │ gzip:   1.03 kB
[2024/02/15 22:26:52]  ℹ .nuxt/dist/client/_nuxt/index.isJvtVCT.js                                 1.80 kB │ gzip:   1.01 kB
[2024/02/15 22:26:52]  ℹ .nuxt/dist/client/_nuxt/icon_category_writer_search_sp.jhBoQYTv.js        1.82 kB │ gzip:   1.36 kB
[2024/02/15 22:26:52]  ℹ .nuxt/dist/client/_nuxt/icon_category_myth_search_sp.YlSUQMM3.js          1.84 kB │ gzip:   1.36 kB
[2024/02/15 22:26:52]  ℹ .nuxt/dist/client/_nuxt/page-num-count.suWeQYiZ.js                        1.85 kB │ gzip:   0.94 kB
[2024/02/15 22:26:52]  ℹ .nuxt/dist/client/_nuxt/error-500.qqHMSOlQ.js                             1.88 kB │ gzip:   0.98 kB
[2024/02/15 22:26:52]  ℹ .nuxt/dist/client/_nuxt/icon_category_others_search_sp.uNcYrwxT.js        1.89 kB │ gzip:   1.40 kB
[2024/02/15 22:26:52]  ℹ .nuxt/dist/client/_nuxt/icon_category_legend_search_sp.JFUXIVs8.js        2.05 kB │ gzip:   1.52 kB
[2024/02/15 22:26:52]  ℹ .nuxt/dist/client/_nuxt/error-404.m97vhawn.js                             2.26 kB │ gzip:   1.17 kB
[2024/02/15 22:26:52]  ℹ .nuxt/dist/client/_nuxt/article-view.CSNaYdvR.js                          2.34 kB │ gzip:   0.68 kB
[2024/02/15 22:26:52]  ℹ .nuxt/dist/client/_nuxt/_text_.kG_r_U8Y.js                                2.35 kB │ gzip:   1.32 kB
[2024/02/15 22:26:52]  ℹ .nuxt/dist/client/_nuxt/_kana_.EHZzgN3H.js                                2.35 kB │ gzip:   1.32 kB
[2024/02/15 22:26:52]  ℹ .nuxt/dist/client/_nuxt/preview.8edLWwzW.js                               2.35 kB │ gzip:   1.16 kB
[2024/02/15 22:26:52]  ℹ .nuxt/dist/client/_nuxt/_category_.GK7NtTUU.js                            2.50 kB │ gzip:   1.38 kB
[2024/02/15 22:26:52]  ℹ .nuxt/dist/client/_nuxt/_id_.kOarTGsZ.js                                  2.52 kB │ gzip:   1.39 kB
[2024/02/15 22:26:52]  ℹ .nuxt/dist/client/_nuxt/_id_.l4wj9YDS.js                                  2.52 kB │ gzip:   1.39 kB
[2024/02/15 22:26:52]  ℹ .nuxt/dist/client/_nuxt/_id_.TrHI-ACS.js                                  2.53 kB │ gzip:   1.39 kB
[2024/02/15 22:26:52]  ℹ .nuxt/dist/client/_nuxt/search.h5AZNy3P.js                                2.54 kB │ gzip:   1.24 kB
[2024/02/15 22:26:52]  ℹ .nuxt/dist/client/_nuxt/_id_.gptgjaP7.js                                  2.55 kB │ gzip:   1.40 kB
[2024/02/15 22:26:52]  ℹ .nuxt/dist/client/_nuxt/style.UTJTyumn.js                                 2.57 kB │ gzip:   1.25 kB
[2024/02/15 22:26:52]  ℹ .nuxt/dist/client/_nuxt/index.CygbgumA.js                                 3.50 kB │ gzip:   1.58 kB
[2024/02/15 22:26:52]  ℹ .nuxt/dist/client/_nuxt/index.4Zan8Xr7.js                                 3.60 kB │ gzip:   1.74 kB
[2024/02/15 22:26:52]  ℹ .nuxt/dist/client/_nuxt/nuxt-link.xjUKBIZr.js                             4.23 kB │ gzip:   1.78 kB
[2024/02/15 22:26:52]  ℹ .nuxt/dist/client/_nuxt/icon_category_folklore_top_sp.P2iYgFTs.js         4.32 kB │ gzip:   3.24 kB
[2024/02/15 22:26:52]  ℹ .nuxt/dist/client/_nuxt/index.gpSw77jl.js                                 4.62 kB │ gzip:   2.16 kB
[2024/02/15 22:26:52]  ℹ .nuxt/dist/client/_nuxt/icon_category_writer_top_sp.Bi2FIYmr.js           4.96 kB │ gzip:   3.69 kB
[2024/02/15 22:26:52]  ℹ .nuxt/dist/client/_nuxt/side-bar.YGGWaY8n.js                              5.00 kB │ gzip:   1.89 kB
[2024/02/15 22:26:52]  ℹ .nuxt/dist/client/_nuxt/icon_category_myth_top_sp.vMlLsNU6.js             5.12 kB │ gzip:   3.80 kB
[2024/02/15 22:26:52]  ℹ .nuxt/dist/client/_nuxt/icon_category_others_top_sp.e_yqqTjF.js           5.13 kB │ gzip:   3.84 kB
[2024/02/15 22:26:52]  ℹ .nuxt/dist/client/_nuxt/index.ZxANkkbz.js                                 6.49 kB │ gzip:   2.57 kB
[2024/02/15 22:26:52]  ℹ .nuxt/dist/client/_nuxt/_id_.o079Fgi_.js                                  6.54 kB │ gzip:   2.59 kB
[2024/02/15 22:26:52]  ℹ .nuxt/dist/client/_nuxt/theme-sugar.RTCg4FLX.js                          10.78 kB │ gzip:   4.28 kB
[2024/02/15 22:26:52]  ℹ .nuxt/dist/client/_nuxt/index.As-6ngsR.js                                12.03 kB │ gzip:   6.23 kB
[2024/02/15 22:26:52]  ℹ .nuxt/dist/client/_nuxt/api-logic.iBDeyPiQ.js                            14.36 kB │ gzip:   5.65 kB
[2024/02/15 22:26:52]  ℹ .nuxt/dist/client/_nuxt/entry.6CEgFUdu.js                               172.14 kB │ gzip:  64.57 kB
[2024/02/15 22:26:52]  ℹ .nuxt/dist/client/_nuxt/flatpickr.min.-zxylkOU.js                       363.84 kB │ gzip: 113.99 kB
[2024/02/15 22:26:52]  ℹ ✓ built in 10.77s
[2024/02/15 22:26:52]  ✔ Client built in 10793ms
[2024/02/15 22:26:52]  ℹ Building server...
[2024/02/15 22:26:52]  ℹ vite v5.0.10 building SSR bundle for production...
[2024/02/15 22:26:52]  ℹ transforming...
[2024/02/15 22:26:58]  ℹ ✓ 268 modules transformed.
[2024/02/15 22:26:59]  Inspect report generated at /home/gituser/nuxt/story-blog/.nuxt/analyze/.vite-inspect
[2024/02/15 22:26:59]  ℹ rendering chunks...
[2024/02/15 22:26:59]  ℹ .nuxt/dist/server/_nuxt/_id_-styles.gsLWFwkS.mjs                       0.14 kB
[2024/02/15 22:26:59]  ℹ .nuxt/dist/server/_nuxt/_id_-styles.sbO7QVGl.mjs                       0.14 kB
[2024/02/15 22:26:59]  ℹ .nuxt/dist/server/_nuxt/_id_-styles.Un9mcW46.mjs                       0.14 kB
[2024/02/15 22:26:59]  ℹ .nuxt/dist/server/_nuxt/_id_-styles.57dXiON_.mjs                       0.14 kB
[2024/02/15 22:26:59]  ℹ .nuxt/dist/server/_nuxt/_id_-styles.KzERixZ9.mjs                       0.14 kB
[2024/02/15 22:26:59]  ℹ .nuxt/dist/server/_nuxt/_id_-styles._3zpdEBp.mjs                       0.14 kB
[2024/02/15 22:26:59]  ℹ .nuxt/dist/server/_nuxt/_id_-styles.9-n4lfQO.mjs                       0.14 kB
[2024/02/15 22:26:59]  ℹ .nuxt/dist/server/_nuxt/index-styles.ynp5BxCt.mjs                      0.15 kB
[2024/02/15 22:26:59]  ℹ .nuxt/dist/server/_nuxt/index-styles.Mr2jfVQs.mjs                      0.15 kB
[2024/02/15 22:26:59]  ℹ .nuxt/dist/server/_nuxt/index-styles.PQorCxj3.mjs                      0.15 kB
[2024/02/15 22:26:59]  ℹ .nuxt/dist/server/_nuxt/index-styles.QzYNg7ni.mjs                      0.15 kB
[2024/02/15 22:26:59]  ℹ .nuxt/dist/server/_nuxt/index-styles.JPkReg55.mjs                      0.15 kB
[2024/02/15 22:26:59]  ℹ .nuxt/dist/server/_nuxt/_kana_-styles.erspJC7L.mjs                     0.15 kB
[2024/02/15 22:26:59]  ℹ .nuxt/dist/server/_nuxt/_text_-styles.RMkKZZPQ.mjs                     0.15 kB
[2024/02/15 22:26:59]  ℹ .nuxt/dist/server/_nuxt/search-styles.-kM8S797.mjs                     0.15 kB
[2024/02/15 22:26:59]  ℹ .nuxt/dist/server/_nuxt/preview-styles.FSa1Y1oM.mjs                    0.15 kB
[2024/02/15 22:26:59]  ℹ .nuxt/dist/server/_nuxt/preview-styles.C5rBu5gC.mjs                    0.15 kB
[2024/02/15 22:26:59]  ℹ .nuxt/dist/server/_nuxt/error-404-styles.XRz1-5H_.mjs                  0.15 kB
[2024/02/15 22:26:59]  ℹ .nuxt/dist/server/_nuxt/error-500-styles.vMIeuOQq.mjs                  0.15 kB
[2024/02/15 22:26:59]  ℹ .nuxt/dist/server/_nuxt/_category_-styles.6Pa4YSW3.mjs                 0.16 kB
[2024/02/15 22:26:59]  ℹ .nuxt/dist/server/_nuxt/entry-styles.JOOh6VA7.mjs                      0.21 kB
[2024/02/15 22:26:59]  ℹ .nuxt/dist/server/_nuxt/index-styles.JOHzbeCy.mjs                      0.21 kB
[2024/02/15 22:26:59]  ℹ .nuxt/dist/server/_nuxt/admin-styles.TOhTy5bQ.mjs                      0.21 kB
[2024/02/15 22:26:59]  ℹ .nuxt/dist/server/styles.mjs                                           2.55 kB
[2024/02/15 22:26:59]  ℹ .nuxt/dist/server/_nuxt/icon_category_legend_top_sp-KMPmthP-.js        0.22 kB │ map:   0.25 kB
[2024/02/15 22:26:59]  ℹ .nuxt/dist/server/_nuxt/icon_category_myth_hover_sp-o80NeD7_.js        0.22 kB │ map:   0.25 kB
[2024/02/15 22:26:59]  ℹ .nuxt/dist/server/_nuxt/icon_category_legend_hover_sp-yRQhq93V.js      0.23 kB │ map:   0.26 kB
[2024/02/15 22:26:59]  ℹ .nuxt/dist/server/_nuxt/icon_category_others_hover_sp-h0bHrUkH.js      0.23 kB │ map:   0.26 kB
[2024/02/15 22:26:59]  ℹ .nuxt/dist/server/_nuxt/icon_category_writer_hover_sp-ow5IFwVw.js      0.23 kB │ map:   0.26 kB
[2024/02/15 22:26:59]  ℹ .nuxt/dist/server/_nuxt/icon_category_folklore_hover_sp-UkkoJIzv.js    0.24 kB │ map:   0.26 kB
[2024/02/15 22:26:59]  ℹ .nuxt/dist/server/_nuxt/region-7fRn4EIM.js                             0.35 kB │ map:   0.87 kB
[2024/02/15 22:26:59]  ℹ .nuxt/dist/server/_nuxt/period-6Uqzf1dh.js                             0.35 kB │ map:   0.87 kB
[2024/02/15 22:26:59]  ℹ .nuxt/dist/server/_nuxt/index-styles-1.mjs-edFF6Bg1.js                 0.36 kB │ map:   0.11 kB
[2024/02/15 22:26:59]  ℹ .nuxt/dist/server/_nuxt/article-category-2gae7FPe.js                   0.37 kB │ map:   0.85 kB
[2024/02/15 22:26:59]  ℹ .nuxt/dist/server/_nuxt/prefecture-Ip5jQHCL.js                         0.41 kB │ map:   0.98 kB
[2024/02/15 22:26:59]  ℹ .nuxt/dist/server/_nuxt/country-3geN2NDP.js                            0.41 kB │ map:   0.99 kB
[2024/02/15 22:26:59]  ℹ .nuxt/dist/server/_nuxt/index-styles-1.mjs-cwJhOZ2y.js                 0.41 kB │ map:   0.11 kB
[2024/02/15 22:26:59]  ℹ .nuxt/dist/server/_nuxt/author-JVfkjpL-.js                             0.54 kB │ map:   1.15 kB
[2024/02/15 22:26:59]  ℹ .nuxt/dist/server/_nuxt/title_sp-8Q8wzEgW.js                           0.55 kB │ map:   0.22 kB
[2024/02/15 22:26:59]  ℹ .nuxt/dist/server/_nuxt/_id_-styles-1.mjs-RwGpfCVC.js                  0.67 kB │ map:   0.11 kB
[2024/02/15 22:26:59]  ℹ .nuxt/dist/server/_nuxt/preview-styles-1.mjs-SCqrMJXB.js               0.68 kB │ map:   0.11 kB
[2024/02/15 22:26:59]  ℹ .nuxt/dist/server/_nuxt/entry-styles-2.mjs-76BQ0Ce_.js                 0.85 kB │ map:   0.11 kB
[2024/02/15 22:26:59]  ℹ .nuxt/dist/server/_nuxt/entry-styles-3.mjs-aeR_dP2U.js                 0.86 kB │ map:   0.11 kB
[2024/02/15 22:26:59]  ℹ .nuxt/dist/server/_nuxt/_id_-styles-1.mjs-t_0dm57m.js                  0.86 kB │ map:   0.11 kB
[2024/02/15 22:26:59]  ℹ .nuxt/dist/server/_nuxt/_id_-styles-1.mjs-hrSEgdat.js                  0.86 kB │ map:   0.11 kB
[2024/02/15 22:26:59]  ℹ .nuxt/dist/server/_nuxt/_id_-styles-1.mjs-lXQvn80v.js                  0.86 kB │ map:   0.11 kB
[2024/02/15 22:26:59]  ℹ .nuxt/dist/server/_nuxt/_id_-styles-1.mjs-USXQKcQZ.js                  0.86 kB │ map:   0.11 kB
[2024/02/15 22:26:59]  ℹ .nuxt/dist/server/_nuxt/index-styles-1.mjs-Y0UuDtWl.js                 0.86 kB │ map:   0.11 kB
[2024/02/15 22:26:59]  ℹ .nuxt/dist/server/_nuxt/_kana_-styles-1.mjs-iM_iqfVV.js                0.87 kB │ map:   0.11 kB
[2024/02/15 22:26:59]  ℹ .nuxt/dist/server/_nuxt/_text_-styles-1.mjs-Qjy8jO4m.js                0.87 kB │ map:   0.11 kB
[2024/02/15 22:26:59]  ℹ .nuxt/dist/server/_nuxt/_category_-styles-1.mjs-NYQW-99Y.js            0.91 kB │ map:   0.12 kB
[2024/02/15 22:26:59]  ℹ .nuxt/dist/server/_nuxt/validation-SeQchZ6A.js                         0.93 kB │ map:   1.96 kB
[2024/02/15 22:26:59]  ℹ .nuxt/dist/server/_nuxt/index-tbNGurtz.js                              0.98 kB │ map:   5.93 kB
[2024/02/15 22:26:59]  ℹ .nuxt/dist/server/_nuxt/article-P2PzmGZ9.js                            1.04 kB │ map:   0.13 kB
[2024/02/15 22:26:59]  ℹ .nuxt/dist/server/_nuxt/default-Frk4XnkW.js                            1.04 kB │ map:   0.13 kB
[2024/02/15 22:26:59]  ℹ .nuxt/dist/server/_nuxt/island-renderer--oE2KIX0.js                    1.04 kB │ map:   1.55 kB
[2024/02/15 22:26:59]  ℹ .nuxt/dist/server/_nuxt/admin-styles-1.mjs-Yr39ubOI.js                 1.05 kB │ map:   0.11 kB
[2024/02/15 22:26:59]  ℹ .nuxt/dist/server/_nuxt/entry-styles-1.mjs-pqvKbEiI.js                 1.08 kB │ map:   0.11 kB
[2024/02/15 22:26:59]  ℹ .nuxt/dist/server/_nuxt/article-GWg4cL7M.js                            1.25 kB │ map:   2.51 kB
[2024/02/15 22:26:59]  ℹ .nuxt/dist/server/_nuxt/index-styles-1.mjs-S8eDnNTD.js                 1.34 kB │ map:   0.11 kB
[2024/02/15 22:26:59]  ℹ .nuxt/dist/server/_nuxt/conf-rxogsrcg.js                               1.38 kB │ map:   2.90 kB
[2024/02/15 22:26:59]  ℹ .nuxt/dist/server/_nuxt/_id_-styles-1.mjs-Dp4KfIuv.js                  1.44 kB │ map:   0.11 kB
[2024/02/15 22:26:59]  ℹ .nuxt/dist/server/_nuxt/icon_category_folklore_search_sp-DAjyz2oB.js   1.50 kB │ map:   1.55 kB
[2024/02/15 22:26:59]  ℹ .nuxt/dist/server/_nuxt/index-styles-1.mjs-T0HAWDzR.js                 1.51 kB │ map:   0.11 kB
[2024/02/15 22:26:59]  ℹ .nuxt/dist/server/_nuxt/index-styles-2.mjs-Jhtw4dTq.js                 1.71 kB │ map:   0.11 kB
[2024/02/15 22:26:59]  ℹ .nuxt/dist/server/_nuxt/icon_category_writer_search_sp-VxWu1PP5.js     1.95 kB │ map:   2.00 kB
[2024/02/15 22:26:59]  ℹ .nuxt/dist/server/_nuxt/icon_category_myth_search_sp-CJtOscXO.js       1.97 kB │ map:   2.02 kB
[2024/02/15 22:26:59]  ℹ .nuxt/dist/server/_nuxt/icon_category_others_search_sp-H2Khyt_Y.js     2.02 kB │ map:   2.07 kB
[2024/02/15 22:26:59]  ℹ .nuxt/dist/server/_nuxt/error-500-styles-1.mjs-jbzM5VPC.js             2.17 kB │ map:   0.12 kB
[2024/02/15 22:26:59]  ℹ .nuxt/dist/server/_nuxt/icon_category_legend_search_sp-gN4WjSB3.js     2.19 kB │ map:   2.24 kB
[2024/02/15 22:26:59]  ℹ .nuxt/dist/server/_nuxt/_id_-styles-1.mjs-fJWp0l7g.js                  2.50 kB │ map:   0.11 kB
[2024/02/15 22:26:59]  ℹ .nuxt/dist/server/_nuxt/index-styles-1.mjs-vROcq7VN.js                 2.54 kB │ map:   0.11 kB
[2024/02/15 22:26:59]  ℹ .nuxt/dist/server/_nuxt/index-KTUUZTZ7.js                              2.65 kB │ map:   0.59 kB
[2024/02/15 22:26:59]  ℹ .nuxt/dist/server/_nuxt/error-500-2D6dcp2B.js                          3.04 kB │ map:   3.79 kB
[2024/02/15 22:26:59]  ℹ .nuxt/dist/server/_nuxt/search-styles-1.mjs-cZXXypmX.js                3.29 kB │ map:   0.11 kB
[2024/02/15 22:26:59]  ℹ .nuxt/dist/server/_nuxt/preview-styles-1.mjs-ClOwF9wN.js               3.30 kB │ map:   0.11 kB
[2024/02/15 22:26:59]  ℹ .nuxt/dist/server/_nuxt/admin-styles-2.mjs-LCrvitSA.js                 3.40 kB │ map:   0.11 kB
[2024/02/15 22:26:59]  ℹ .nuxt/dist/server/_nuxt/admin-gcc0Z9CK.js                              3.53 kB │ map:   8.87 kB
[2024/02/15 22:26:59]  ℹ .nuxt/dist/server/_nuxt/preview-YC0Eenea.js                            3.67 kB │ map:   7.53 kB
[2024/02/15 22:26:59]  ℹ .nuxt/dist/server/_nuxt/error-404-styles-1.mjs-gy0NFO_4.js             3.86 kB │ map:   0.12 kB
[2024/02/15 22:26:59]  ℹ .nuxt/dist/server/_nuxt/error-404-vOfP9MOS.js                          3.93 kB │ map:   5.83 kB
[2024/02/15 22:26:59]  ℹ .nuxt/dist/server/_nuxt/article-view-UyHdkdn0.js                       4.00 kB │ map:   8.73 kB
[2024/02/15 22:26:59]  ℹ .nuxt/dist/server/_nuxt/page-num-count-2nYjycCC.js                     4.41 kB │ map:   6.75 kB
[2024/02/15 22:26:59]  ℹ .nuxt/dist/server/_nuxt/icon_category_folklore_top_sp-8QquO17x.js      4.45 kB │ map:   4.50 kB
[2024/02/15 22:26:59]  ℹ .nuxt/dist/server/_nuxt/search-Q4fvQs-J.js                             4.76 kB │ map:   7.78 kB
[2024/02/15 22:26:59]  ℹ .nuxt/dist/server/_nuxt/icon_category_writer_top_sp-GfDuV4RQ.js        5.08 kB │ map:   5.14 kB
[2024/02/15 22:26:59]  ℹ .nuxt/dist/server/_nuxt/icon_category_myth_top_sp-Lne3wNmu.js          5.24 kB │ map:   5.30 kB
[2024/02/15 22:26:59]  ℹ .nuxt/dist/server/_nuxt/icon_category_others_top_sp-cMGxvd7t.js        5.25 kB │ map:   5.31 kB
[2024/02/15 22:26:59]  ℹ .nuxt/dist/server/_nuxt/preview-zA3I1oQC.js                            5.33 kB │ map:   2.30 kB
[2024/02/15 22:26:59]  ℹ .nuxt/dist/server/_nuxt/_id_-jKkmTt_C.js                               6.17 kB │ map:   3.15 kB
[2024/02/15 22:26:59]  ℹ .nuxt/dist/server/_nuxt/nuxt-link-CXWnO8QZ.js                          6.53 kB │ map:  14.70 kB
[2024/02/15 22:26:59]  ℹ .nuxt/dist/server/_nuxt/index-G_oO3sFj.js                              6.56 kB │ map:   4.52 kB
[2024/02/15 22:26:59]  ℹ .nuxt/dist/server/_nuxt/_id_-iYkhp-gC.js                               6.64 kB │ map:   4.33 kB
[2024/02/15 22:26:59]  ℹ .nuxt/dist/server/_nuxt/side-bar-TTpgmWqI.js                           9.50 kB │ map:   8.25 kB
[2024/02/15 22:26:59]  ℹ .nuxt/dist/server/_nuxt/api-logic-zcG-oO8Y.js                         11.00 kB │ map:  25.67 kB
[2024/02/15 22:26:59]  ℹ .nuxt/dist/server/_nuxt/_kana_-2P-kbH86.js                            11.31 kB │ map:   5.16 kB
[2024/02/15 22:26:59]  ℹ .nuxt/dist/server/_nuxt/_text_-Z84YUbW1.js                            11.31 kB │ map:   5.16 kB
[2024/02/15 22:26:59]  ℹ .nuxt/dist/server/_nuxt/_id_-6u7KWvnj.js                              11.63 kB │ map:   5.41 kB
[2024/02/15 22:26:59]  ℹ .nuxt/dist/server/_nuxt/_id_-llpo3ANT.js                              11.63 kB │ map:   5.41 kB
[2024/02/15 22:26:59]  ℹ .nuxt/dist/server/_nuxt/_id_-kLJGAyN-.js                              11.68 kB │ map:   5.46 kB
[2024/02/15 22:26:59]  ℹ .nuxt/dist/server/_nuxt/_category_-dUetYUW1.js                        11.84 kB │ map:   5.58 kB
[2024/02/15 22:26:59]  ℹ .nuxt/dist/server/_nuxt/_id_-_PeVfwcI.js                              12.07 kB │ map:   5.44 kB
[2024/02/15 22:26:59]  ℹ .nuxt/dist/server/_nuxt/index-2eVlT0if.js                             14.18 kB │ map:   9.76 kB
[2024/02/15 22:26:59]  ℹ .nuxt/dist/server/_nuxt/index-NK68IuP_.js                             14.39 kB │ map:   8.01 kB
[2024/02/15 22:26:59]  ℹ .nuxt/dist/server/_nuxt/flatpickr.min-41Ol586G.js                     15.98 kB │ map:  36.94 kB
[2024/02/15 22:26:59]  ℹ .nuxt/dist/server/_nuxt/index-0fkf1wFH.js                             16.39 kB │ map:  14.11 kB
[2024/02/15 22:26:59]  ℹ .nuxt/dist/server/_nuxt/index-busXAcVd.js                             17.31 kB │ map:  12.06 kB
[2024/02/15 22:26:59]  ℹ .nuxt/dist/server/_nuxt/index-gRsgF9lW.js                             22.06 kB │ map:  13.69 kB
[2024/02/15 22:26:59]  ℹ .nuxt/dist/server/_nuxt/_id_-lNIeWbyP.js                              22.20 kB │ map:  13.75 kB
[2024/02/15 22:26:59]  ℹ .nuxt/dist/server/server.mjs                                          44.12 kB │ map: 105.70 kB
[2024/02/15 22:26:59]  ℹ ✓ built in 7.23s
[2024/02/15 22:27:00]  ✔ Server built in 7294ms
[2024/02/15 22:27:00]  [nitro] ✔ Generated public .output/public
[2024/02/15 22:27:00]  [nitro] ℹ Building Nitro Server (preset: node-server)
[2024/02/15 22:27:10]  [nitro] ✔ Nitro server built
[2024/02/15 22:27:11]    ├─ .output/server/chunks/app/_nuxt/_category_-dUetYUW1.mjs (12.7 kB) (2.6 kB gzip)
[2024/02/15 22:27:11]    ├─ .output/server/chunks/app/_nuxt/_category_-dUetYUW1.mjs.map (9.74 kB) (2.05 kB gzip)
[2024/02/15 22:27:11]    ├─ .output/server/chunks/app/_nuxt/_category_-styles.6Pa4YSW3.mjs (1.02 kB) (448 B gzip)
[2024/02/15 22:27:11]    ├─ .output/server/chunks/app/_nuxt/_category_-styles.6Pa4YSW3.mjs.map (349 B) (219 B gzip)
[2024/02/15 22:27:11]    ├─ .output/server/chunks/app/_nuxt/_id_-_PeVfwcI.mjs (12.9 kB) (2.62 kB gzip)
[2024/02/15 22:27:11]    ├─ .output/server/chunks/app/_nuxt/_id_-_PeVfwcI.mjs.map (9.98 kB) (2.07 kB gzip)
[2024/02/15 22:27:11]    ├─ .output/server/chunks/app/_nuxt/_id_-6u7KWvnj.mjs (12.4 kB) (2.59 kB gzip)
[2024/02/15 22:27:11]    ├─ .output/server/chunks/app/_nuxt/_id_-6u7KWvnj.mjs.map (9.65 kB) (2.03 kB gzip)
[2024/02/15 22:27:11]    ├─ .output/server/chunks/app/_nuxt/_id_-iYkhp-gC.mjs (6.94 kB) (1.89 kB gzip)
[2024/02/15 22:27:11]    ├─ .output/server/chunks/app/_nuxt/_id_-iYkhp-gC.mjs.map (5.22 kB) (1.37 kB gzip)
[2024/02/15 22:27:11]    ├─ .output/server/chunks/app/_nuxt/_id_-jKkmTt_C.mjs (6.47 kB) (1.68 kB gzip)
[2024/02/15 22:27:11]    ├─ .output/server/chunks/app/_nuxt/_id_-jKkmTt_C.mjs.map (5.4 kB) (1.27 kB gzip)
[2024/02/15 22:27:11]    ├─ .output/server/chunks/app/_nuxt/_id_-kLJGAyN-.mjs (12.5 kB) (2.59 kB gzip)
[2024/02/15 22:27:11]    ├─ .output/server/chunks/app/_nuxt/_id_-kLJGAyN-.mjs.map (9.66 kB) (2.03 kB gzip)
[2024/02/15 22:27:11]    ├─ .output/server/chunks/app/_nuxt/_id_-llpo3ANT.mjs (12.4 kB) (2.58 kB gzip)
[2024/02/15 22:27:11]    ├─ .output/server/chunks/app/_nuxt/_id_-llpo3ANT.mjs.map (9.65 kB) (2.03 kB gzip)
[2024/02/15 22:27:11]    ├─ .output/server/chunks/app/_nuxt/_id_-lNIeWbyP.mjs (23.1 kB) (3.86 kB gzip)
[2024/02/15 22:27:11]    ├─ .output/server/chunks/app/_nuxt/_id_-lNIeWbyP.mjs.map (17.1 kB) (3.05 kB gzip)
[2024/02/15 22:27:11]    ├─ .output/server/chunks/app/_nuxt/_id_-styles._3zpdEBp.mjs (961 B) (434 B gzip)
[2024/02/15 22:27:11]    ├─ .output/server/chunks/app/_nuxt/_id_-styles._3zpdEBp.mjs.map (331 B) (211 B gzip)
[2024/02/15 22:27:11]    ├─ .output/server/chunks/app/_nuxt/_id_-styles.57dXiON_.mjs (961 B) (434 B gzip)
[2024/02/15 22:27:11]    ├─ .output/server/chunks/app/_nuxt/_id_-styles.57dXiON_.mjs.map (331 B) (210 B gzip)
[2024/02/15 22:27:11]    ├─ .output/server/chunks/app/_nuxt/_id_-styles.9-n4lfQO.mjs (959 B) (435 B gzip)
[2024/02/15 22:27:11]    ├─ .output/server/chunks/app/_nuxt/_id_-styles.9-n4lfQO.mjs.map (331 B) (213 B gzip)
[2024/02/15 22:27:11]    ├─ .output/server/chunks/app/_nuxt/_id_-styles.gsLWFwkS.mjs (2.6 kB) (724 B gzip)
[2024/02/15 22:27:11]    ├─ .output/server/chunks/app/_nuxt/_id_-styles.gsLWFwkS.mjs.map (331 B) (217 B gzip)
[2024/02/15 22:27:11]    ├─ .output/server/chunks/app/_nuxt/_id_-styles.KzERixZ9.mjs (961 B) (435 B gzip)
[2024/02/15 22:27:11]    ├─ .output/server/chunks/app/_nuxt/_id_-styles.KzERixZ9.mjs.map (331 B) (212 B gzip)
[2024/02/15 22:27:11]    ├─ .output/server/chunks/app/_nuxt/_id_-styles.sbO7QVGl.mjs (768 B) (349 B gzip)
[2024/02/15 22:27:11]    ├─ .output/server/chunks/app/_nuxt/_id_-styles.sbO7QVGl.mjs.map (330 B) (213 B gzip)
[2024/02/15 22:27:11]    ├─ .output/server/chunks/app/_nuxt/_id_-styles.Un9mcW46.mjs (1.53 kB) (571 B gzip)
[2024/02/15 22:27:11]    ├─ .output/server/chunks/app/_nuxt/_id_-styles.Un9mcW46.mjs.map (331 B) (212 B gzip)
[2024/02/15 22:27:11]    ├─ .output/server/chunks/app/_nuxt/_kana_-2P-kbH86.mjs (12.1 kB) (2.49 kB gzip)
[2024/02/15 22:27:11]    ├─ .output/server/chunks/app/_nuxt/_kana_-2P-kbH86.mjs.map (9.34 kB) (1.98 kB gzip)
[2024/02/15 22:27:11]    ├─ .output/server/chunks/app/_nuxt/_kana_-styles.erspJC7L.mjs (973 B) (435 B gzip)
[2024/02/15 22:27:11]    ├─ .output/server/chunks/app/_nuxt/_kana_-styles.erspJC7L.mjs.map (337 B) (213 B gzip)
[2024/02/15 22:27:11]    ├─ .output/server/chunks/app/_nuxt/_text_-styles.RMkKZZPQ.mjs (973 B) (436 B gzip)
[2024/02/15 22:27:11]    ├─ .output/server/chunks/app/_nuxt/_text_-styles.RMkKZZPQ.mjs.map (337 B) (216 B gzip)
[2024/02/15 22:27:11]    ├─ .output/server/chunks/app/_nuxt/_text_-Z84YUbW1.mjs (12.1 kB) (2.49 kB gzip)
[2024/02/15 22:27:11]    ├─ .output/server/chunks/app/_nuxt/_text_-Z84YUbW1.mjs.map (9.34 kB) (1.98 kB gzip)
[2024/02/15 22:27:11]    ├─ .output/server/chunks/app/_nuxt/admin-gcc0Z9CK.mjs (3.84 kB) (1.21 kB gzip)
[2024/02/15 22:27:11]    ├─ .output/server/chunks/app/_nuxt/admin-gcc0Z9CK.mjs.map (3.26 kB) (856 B gzip)
[2024/02/15 22:27:11]    ├─ .output/server/chunks/app/_nuxt/admin-styles.TOhTy5bQ.mjs (4.46 kB) (1.28 kB gzip)
[2024/02/15 22:27:11]    ├─ .output/server/chunks/app/_nuxt/admin-styles.TOhTy5bQ.mjs.map (459 B) (249 B gzip)
[2024/02/15 22:27:11]    ├─ .output/server/chunks/app/_nuxt/api-logic-zcG-oO8Y.mjs (11.3 kB) (3.08 kB gzip)
[2024/02/15 22:27:11]    ├─ .output/server/chunks/app/_nuxt/api-logic-zcG-oO8Y.mjs.map (13.7 kB) (2.79 kB gzip)
[2024/02/15 22:27:11]    ├─ .output/server/chunks/app/_nuxt/article-category-2gae7FPe.mjs (367 B) (247 B gzip)
[2024/02/15 22:27:11]    ├─ .output/server/chunks/app/_nuxt/article-category-2gae7FPe.mjs.map (450 B) (258 B gzip)
[2024/02/15 22:27:11]    ├─ .output/server/chunks/app/_nuxt/article-GWg4cL7M.mjs (1.25 kB) (491 B gzip)
[2024/02/15 22:27:11]    ├─ .output/server/chunks/app/_nuxt/article-GWg4cL7M.mjs.map (1.34 kB) (412 B gzip)
[2024/02/15 22:27:11]    ├─ .output/server/chunks/app/_nuxt/article-P2PzmGZ9.mjs (1.2 kB) (534 B gzip)
[2024/02/15 22:27:11]    ├─ .output/server/chunks/app/_nuxt/article-P2PzmGZ9.mjs.map (876 B) (386 B gzip)
[2024/02/15 22:27:11]    ├─ .output/server/chunks/app/_nuxt/article-view-UyHdkdn0.mjs (4 kB) (869 B gzip)
[2024/02/15 22:27:11]    ├─ .output/server/chunks/app/_nuxt/article-view-UyHdkdn0.mjs.map (4.46 kB) (672 B gzip)
[2024/02/15 22:27:11]    ├─ .output/server/chunks/app/_nuxt/author-JVfkjpL-.mjs (545 B) (296 B gzip)
[2024/02/15 22:27:11]    ├─ .output/server/chunks/app/_nuxt/author-JVfkjpL-.mjs.map (649 B) (278 B gzip)
[2024/02/15 22:27:11]    ├─ .output/server/chunks/app/_nuxt/conf-rxogsrcg.mjs (1.52 kB) (575 B gzip)
[2024/02/15 22:27:11]    ├─ .output/server/chunks/app/_nuxt/conf-rxogsrcg.mjs.map (2.01 kB) (480 B gzip)
[2024/02/15 22:27:11]    ├─ .output/server/chunks/app/_nuxt/country-3geN2NDP.mjs (409 B) (263 B gzip)
[2024/02/15 22:27:11]    ├─ .output/server/chunks/app/_nuxt/country-3geN2NDP.mjs.map (513 B) (257 B gzip)
[2024/02/15 22:27:11]    ├─ .output/server/chunks/app/_nuxt/default-Frk4XnkW.mjs (1.2 kB) (531 B gzip)
[2024/02/15 22:27:11]    ├─ .output/server/chunks/app/_nuxt/default-Frk4XnkW.mjs.map (876 B) (386 B gzip)
[2024/02/15 22:27:11]    ├─ .output/server/chunks/app/_nuxt/entry-styles.JOOh6VA7.mjs (2.67 kB) (1.02 kB gzip)
[2024/02/15 22:27:11]    ├─ .output/server/chunks/app/_nuxt/entry-styles.JOOh6VA7.mjs.map (552 B) (266 B gzip)
[2024/02/15 22:27:11]    ├─ .output/server/chunks/app/_nuxt/error-404-styles.XRz1-5H_.mjs (3.97 kB) (1.26 kB gzip)
[2024/02/15 22:27:11]    ├─ .output/server/chunks/app/_nuxt/error-404-styles.XRz1-5H_.mjs.map (346 B) (223 B gzip)
[2024/02/15 22:27:11]    ├─ .output/server/chunks/app/_nuxt/error-404-vOfP9MOS.mjs (4.09 kB) (1.7 kB gzip)
[2024/02/15 22:27:11]    ├─ .output/server/chunks/app/_nuxt/error-404-vOfP9MOS.mjs.map (2.33 kB) (781 B gzip)
[2024/02/15 22:27:11]    ├─ .output/server/chunks/app/_nuxt/error-500-2D6dcp2B.mjs (3.19 kB) (1.39 kB gzip)
[2024/02/15 22:27:11]    ├─ .output/server/chunks/app/_nuxt/error-500-2D6dcp2B.mjs.map (1.69 kB) (600 B gzip)
[2024/02/15 22:27:11]    ├─ .output/server/chunks/app/_nuxt/error-500-styles.vMIeuOQq.mjs (2.28 kB) (871 B gzip)
[2024/02/15 22:27:11]    ├─ .output/server/chunks/app/_nuxt/error-500-styles.vMIeuOQq.mjs.map (346 B) (220 B gzip)
[2024/02/15 22:27:11]    ├─ .output/server/chunks/app/_nuxt/flatpickr.min-41Ol586G.mjs (15.9 kB) (2.84 kB gzip)
[2024/02/15 22:27:11]    ├─ .output/server/chunks/app/_nuxt/flatpickr.min-41Ol586G.mjs.map (16 kB) (2.21 kB gzip)
[2024/02/15 22:27:11]    ├─ .output/server/chunks/app/_nuxt/icon_category_folklore_hover_sp-UkkoJIzv.mjs (795 B) (339 B gzip)
[2024/02/15 22:27:11]    ├─ .output/server/chunks/app/_nuxt/icon_category_folklore_hover_sp-UkkoJIzv.mjs.map (305 B) (197 B gzip)
[2024/02/15 22:27:11]    ├─ .output/server/chunks/app/_nuxt/icon_category_folklore_search_sp-DAjyz2oB.mjs (1.5 kB) (1.08 kB gzip)
[2024/02/15 22:27:11]    ├─ .output/server/chunks/app/_nuxt/icon_category_folklore_search_sp-DAjyz2oB.mjs.map (238 B) (172 B gzip)
[2024/02/15 22:27:11]    ├─ .output/server/chunks/app/_nuxt/icon_category_folklore_top_sp-8QquO17x.mjs (4.45 kB) (3.31 kB gzip)
[2024/02/15 22:27:11]    ├─ .output/server/chunks/app/_nuxt/icon_category_folklore_top_sp-8QquO17x.mjs.map (232 B) (172 B gzip)
[2024/02/15 22:27:11]    ├─ .output/server/chunks/app/_nuxt/icon_category_legend_hover_sp-yRQhq93V.mjs (787 B) (336 B gzip)
[2024/02/15 22:27:11]    ├─ .output/server/chunks/app/_nuxt/icon_category_legend_hover_sp-yRQhq93V.mjs.map (301 B) (196 B gzip)
[2024/02/15 22:27:11]    ├─ .output/server/chunks/app/_nuxt/icon_category_legend_search_sp-gN4WjSB3.mjs (2.19 kB) (1.59 kB gzip)
[2024/02/15 22:27:11]    ├─ .output/server/chunks/app/_nuxt/icon_category_legend_search_sp-gN4WjSB3.mjs.map (234 B) (173 B gzip)
[2024/02/15 22:27:11]    ├─ .output/server/chunks/app/_nuxt/icon_category_legend_top_sp-KMPmthP-.mjs (779 B) (333 B gzip)
[2024/02/15 22:27:11]    ├─ .output/server/chunks/app/_nuxt/icon_category_legend_top_sp-KMPmthP-.mjs.map (297 B) (193 B gzip)
[2024/02/15 22:27:11]    ├─ .output/server/chunks/app/_nuxt/icon_category_myth_hover_sp-o80NeD7_.mjs (779 B) (335 B gzip)
[2024/02/15 22:27:11]    ├─ .output/server/chunks/app/_nuxt/icon_category_myth_hover_sp-o80NeD7_.mjs.map (297 B) (194 B gzip)
[2024/02/15 22:27:11]    ├─ .output/server/chunks/app/_nuxt/icon_category_myth_search_sp-CJtOscXO.mjs (1.97 kB) (1.43 kB gzip)
[2024/02/15 22:27:11]    ├─ .output/server/chunks/app/_nuxt/icon_category_myth_search_sp-CJtOscXO.mjs.map (230 B) (171 B gzip)
[2024/02/15 22:27:11]    ├─ .output/server/chunks/app/_nuxt/icon_category_myth_top_sp-Lne3wNmu.mjs (5.24 kB) (3.87 kB gzip)
[2024/02/15 22:27:11]    ├─ .output/server/chunks/app/_nuxt/icon_category_myth_top_sp-Lne3wNmu.mjs.map (224 B) (168 B gzip)
[2024/02/15 22:27:11]    ├─ .output/server/chunks/app/_nuxt/icon_category_others_hover_sp-h0bHrUkH.mjs (787 B) (336 B gzip)
[2024/02/15 22:27:11]    ├─ .output/server/chunks/app/_nuxt/icon_category_others_hover_sp-h0bHrUkH.mjs.map (301 B) (195 B gzip)
[2024/02/15 22:27:11]    ├─ .output/server/chunks/app/_nuxt/icon_category_others_search_sp-H2Khyt_Y.mjs (2.02 kB) (1.47 kB gzip)
[2024/02/15 22:27:11]    ├─ .output/server/chunks/app/_nuxt/icon_category_others_search_sp-H2Khyt_Y.mjs.map (234 B) (172 B gzip)
[2024/02/15 22:27:11]    ├─ .output/server/chunks/app/_nuxt/icon_category_others_top_sp-cMGxvd7t.mjs (5.25 kB) (3.92 kB gzip)
[2024/02/15 22:27:11]    ├─ .output/server/chunks/app/_nuxt/icon_category_others_top_sp-cMGxvd7t.mjs.map (228 B) (169 B gzip)
[2024/02/15 22:27:11]    ├─ .output/server/chunks/app/_nuxt/icon_category_writer_hover_sp-ow5IFwVw.mjs (787 B) (336 B gzip)
[2024/02/15 22:27:11]    ├─ .output/server/chunks/app/_nuxt/icon_category_writer_hover_sp-ow5IFwVw.mjs.map (301 B) (196 B gzip)
[2024/02/15 22:27:11]    ├─ .output/server/chunks/app/_nuxt/icon_category_writer_search_sp-VxWu1PP5.mjs (1.95 kB) (1.43 kB gzip)
[2024/02/15 22:27:11]    ├─ .output/server/chunks/app/_nuxt/icon_category_writer_search_sp-VxWu1PP5.mjs.map (234 B) (173 B gzip)
[2024/02/15 22:27:11]    ├─ .output/server/chunks/app/_nuxt/icon_category_writer_top_sp-GfDuV4RQ.mjs (5.08 kB) (3.76 kB gzip)
[2024/02/15 22:27:11]    ├─ .output/server/chunks/app/_nuxt/icon_category_writer_top_sp-GfDuV4RQ.mjs.map (228 B) (173 B gzip)
[2024/02/15 22:27:11]    ├─ .output/server/chunks/app/_nuxt/index-0fkf1wFH.mjs (17.7 kB) (6.87 kB gzip)
[2024/02/15 22:27:11]    ├─ .output/server/chunks/app/_nuxt/index-0fkf1wFH.mjs.map (7.88 kB) (1.23 kB gzip)
[2024/02/15 22:27:11]    ├─ .output/server/chunks/app/_nuxt/index-2eVlT0if.mjs (15 kB) (2.83 kB gzip)
[2024/02/15 22:27:11]    ├─ .output/server/chunks/app/_nuxt/index-2eVlT0if.mjs.map (12 kB) (2.25 kB gzip)
[2024/02/15 22:27:11]    ├─ .output/server/chunks/app/_nuxt/index-busXAcVd.mjs (18.1 kB) (3.77 kB gzip)
[2024/02/15 22:27:11]    ├─ .output/server/chunks/app/_nuxt/index-busXAcVd.mjs.map (13.9 kB) (3 kB gzip)
[2024/02/15 22:27:11]    ├─ .output/server/chunks/app/_nuxt/index-G_oO3sFj.mjs (6.92 kB) (1.87 kB gzip)
[2024/02/15 22:27:11]    ├─ .output/server/chunks/app/_nuxt/index-G_oO3sFj.mjs.map (5.17 kB) (1.36 kB gzip)
[2024/02/15 22:27:11]    ├─ .output/server/chunks/app/_nuxt/index-gRsgF9lW.mjs (22.9 kB) (3.84 kB gzip)
[2024/02/15 22:27:11]    ├─ .output/server/chunks/app/_nuxt/index-gRsgF9lW.mjs.map (17 kB) (3.03 kB gzip)
[2024/02/15 22:27:11]    ├─ .output/server/chunks/app/_nuxt/index-KTUUZTZ7.mjs (3.03 kB) (1.04 kB gzip)
[2024/02/15 22:27:11]    ├─ .output/server/chunks/app/_nuxt/index-KTUUZTZ7.mjs.map (2.1 kB) (738 B gzip)
[2024/02/15 22:27:11]    ├─ .output/server/chunks/app/_nuxt/index-NK68IuP_.mjs (15 kB) (3.23 kB gzip)
[2024/02/15 22:27:11]    ├─ .output/server/chunks/app/_nuxt/index-NK68IuP_.mjs.map (11.4 kB) (2.55 kB gzip)
[2024/02/15 22:27:11]    ├─ .output/server/chunks/app/_nuxt/index-styles.JOHzbeCy.mjs (2.65 kB) (823 B gzip)
[2024/02/15 22:27:11]    ├─ .output/server/chunks/app/_nuxt/index-styles.JOHzbeCy.mjs.map (538 B) (274 B gzip)
[2024/02/15 22:27:11]    ├─ .output/server/chunks/app/_nuxt/index-styles.JPkReg55.mjs (967 B) (431 B gzip)
[2024/02/15 22:27:11]    ├─ .output/server/chunks/app/_nuxt/index-styles.JPkReg55.mjs.map (334 B) (219 B gzip)
[2024/02/15 22:27:11]    ├─ .output/server/chunks/app/_nuxt/index-styles.Mr2jfVQs.mjs (2.64 kB) (726 B gzip)
[2024/02/15 22:27:11]    ├─ .output/server/chunks/app/_nuxt/index-styles.Mr2jfVQs.mjs.map (334 B) (214 B gzip)
[2024/02/15 22:27:11]    ├─ .output/server/chunks/app/_nuxt/index-styles.PQorCxj3.mjs (516 B) (262 B gzip)
[2024/02/15 22:27:11]    ├─ .output/server/chunks/app/_nuxt/index-styles.PQorCxj3.mjs.map (333 B) (213 B gzip)
[2024/02/15 22:27:11]    ├─ .output/server/chunks/app/_nuxt/index-styles.QzYNg7ni.mjs (1.61 kB) (583 B gzip)
[2024/02/15 22:27:11]    ├─ .output/server/chunks/app/_nuxt/index-styles.QzYNg7ni.mjs.map (334 B) (218 B gzip)
[2024/02/15 22:27:11]    ├─ .output/server/chunks/app/_nuxt/index-styles.ynp5BxCt.mjs (1.44 kB) (510 B gzip)
[2024/02/15 22:27:11]    ├─ .output/server/chunks/app/_nuxt/index-styles.ynp5BxCt.mjs.map (334 B) (214 B gzip)
[2024/02/15 22:27:11]    ├─ .output/server/chunks/app/_nuxt/index-tbNGurtz.mjs (979 B) (455 B gzip)
[2024/02/15 22:27:11]    ├─ .output/server/chunks/app/_nuxt/index-tbNGurtz.mjs.map (1.14 kB) (456 B gzip)
[2024/02/15 22:27:11]    ├─ .output/server/chunks/app/_nuxt/island-renderer--oE2KIX0.mjs (1.2 kB) (531 B gzip)
[2024/02/15 22:27:11]    ├─ .output/server/chunks/app/_nuxt/island-renderer--oE2KIX0.mjs.map (895 B) (404 B gzip)
[2024/02/15 22:27:11]    ├─ .output/server/chunks/app/_nuxt/nuxt-link-CXWnO8QZ.mjs (6.62 kB) (1.87 kB gzip)
[2024/02/15 22:27:11]    ├─ .output/server/chunks/app/_nuxt/nuxt-link-CXWnO8QZ.mjs.map (6.39 kB) (1.58 kB gzip)
[2024/02/15 22:27:11]    ├─ .output/server/chunks/app/_nuxt/page-num-count-2nYjycCC.mjs (4.43 kB) (1.35 kB gzip)
[2024/02/15 22:27:11]    ├─ .output/server/chunks/app/_nuxt/page-num-count-2nYjycCC.mjs.map (4.38 kB) (1.11 kB gzip)
[2024/02/15 22:27:11]    ├─ .output/server/chunks/app/_nuxt/period-6Uqzf1dh.mjs (355 B) (244 B gzip)
[2024/02/15 22:27:11]    ├─ .output/server/chunks/app/_nuxt/period-6Uqzf1dh.mjs.map (456 B) (254 B gzip)
[2024/02/15 22:27:11]    ├─ .output/server/chunks/app/_nuxt/prefecture-Ip5jQHCL.mjs (407 B) (257 B gzip)
[2024/02/15 22:27:11]    ├─ .output/server/chunks/app/_nuxt/prefecture-Ip5jQHCL.mjs.map (495 B) (259 B gzip)
[2024/02/15 22:27:11]    ├─ .output/server/chunks/app/_nuxt/preview-styles.C5rBu5gC.mjs (3.96 kB) (1.15 kB gzip)
[2024/02/15 22:27:11]    ├─ .output/server/chunks/app/_nuxt/preview-styles.C5rBu5gC.mjs.map (420 B) (240 B gzip)
[2024/02/15 22:27:11]    ├─ .output/server/chunks/app/_nuxt/preview-styles.FSa1Y1oM.mjs (786 B) (352 B gzip)
[2024/02/15 22:27:11]    ├─ .output/server/chunks/app/_nuxt/preview-styles.FSa1Y1oM.mjs.map (339 B) (218 B gzip)
[2024/02/15 22:27:11]    ├─ .output/server/chunks/app/_nuxt/preview-YC0Eenea.mjs (3.95 kB) (1.49 kB gzip)
[2024/02/15 22:27:11]    ├─ .output/server/chunks/app/_nuxt/preview-YC0Eenea.mjs.map (2.33 kB) (793 B gzip)
[2024/02/15 22:27:11]    ├─ .output/server/chunks/app/_nuxt/preview-zA3I1oQC.mjs (5.62 kB) (1.36 kB gzip)
[2024/02/15 22:27:11]    ├─ .output/server/chunks/app/_nuxt/preview-zA3I1oQC.mjs.map (4.49 kB) (1.05 kB gzip)
[2024/02/15 22:27:11]    ├─ .output/server/chunks/app/_nuxt/region-7fRn4EIM.mjs (355 B) (244 B gzip)
[2024/02/15 22:27:11]    ├─ .output/server/chunks/app/_nuxt/region-7fRn4EIM.mjs.map (456 B) (252 B gzip)
[2024/02/15 22:27:11]    ├─ .output/server/chunks/app/_nuxt/search-Q4fvQs-J.mjs (5.06 kB) (1.69 kB gzip)
[2024/02/15 22:27:11]    ├─ .output/server/chunks/app/_nuxt/search-Q4fvQs-J.mjs.map (3.41 kB) (1 kB gzip)
[2024/02/15 22:27:11]    ├─ .output/server/chunks/app/_nuxt/search-styles.-kM8S797.mjs (3.95 kB) (1.15 kB gzip)
[2024/02/15 22:27:11]    ├─ .output/server/chunks/app/_nuxt/search-styles.-kM8S797.mjs.map (417 B) (240 B gzip)
[2024/02/15 22:27:11]    ├─ .output/server/chunks/app/_nuxt/side-bar-TTpgmWqI.mjs (9.62 kB) (2.09 kB gzip)
[2024/02/15 22:27:11]    ├─ .output/server/chunks/app/_nuxt/side-bar-TTpgmWqI.mjs.map (7.99 kB) (1.42 kB gzip)
[2024/02/15 22:27:11]    ├─ .output/server/chunks/app/_nuxt/title_sp-8Q8wzEgW.mjs (612 B) (386 B gzip)
[2024/02/15 22:27:11]    ├─ .output/server/chunks/app/_nuxt/title_sp-8Q8wzEgW.mjs.map (667 B) (274 B gzip)
[2024/02/15 22:27:11]    ├─ .output/server/chunks/app/_nuxt/validation-SeQchZ6A.mjs (952 B) (374 B gzip)
[2024/02/15 22:27:11]    ├─ .output/server/chunks/app/_nuxt/validation-SeQchZ6A.mjs.map (1.3 kB) (381 B gzip)
[2024/02/15 22:27:11]    ├─ .output/server/chunks/app/client.manifest.mjs (31.9 kB) (2.9 kB gzip)
[2024/02/15 22:27:11]    ├─ .output/server/chunks/app/client.manifest.mjs.map (25.9 kB) (1.66 kB gzip)
[2024/02/15 22:27:11]    ├─ .output/server/chunks/app/server.mjs (47.1 kB) (11 kB gzip)
[2024/02/15 22:27:11]    ├─ .output/server/chunks/app/server.mjs.map (303 B) (207 B gzip)
[2024/02/15 22:27:11]    ├─ .output/server/chunks/app/styles.mjs (2.62 kB) (630 B gzip)
[2024/02/15 22:27:11]    ├─ .output/server/chunks/app/styles.mjs.map (1.83 kB) (367 B gzip)
[2024/02/15 22:27:11]    ├─ .output/server/chunks/convert-type.mjs (341 B) (201 B gzip)
[2024/02/15 22:27:11]    ├─ .output/server/chunks/convert-type.mjs.map (491 B) (256 B gzip)
[2024/02/15 22:27:11]    ├─ .output/server/chunks/error-500.mjs (4.26 kB) (1.82 kB gzip)
[2024/02/15 22:27:11]    ├─ .output/server/chunks/error-500.mjs.map (193 B) (157 B gzip)
[2024/02/15 22:27:11]    ├─ .output/server/chunks/handlers/renderer.mjs (13.1 kB) (4.27 kB gzip)
[2024/02/15 22:27:11]    ├─ .output/server/chunks/handlers/renderer.mjs.map (424 B) (227 B gzip)
[2024/02/15 22:27:11]    ├─ .output/server/chunks/index.delete.mjs (772 B) (372 B gzip)
[2024/02/15 22:27:11]    ├─ .output/server/chunks/index.delete.mjs.map (620 B) (254 B gzip)
[2024/02/15 22:27:11]    ├─ .output/server/chunks/index.delete2.mjs (772 B) (373 B gzip)
[2024/02/15 22:27:11]    ├─ .output/server/chunks/index.delete2.mjs.map (620 B) (256 B gzip)
[2024/02/15 22:27:11]    ├─ .output/server/chunks/index.get.mjs (987 B) (473 B gzip)
[2024/02/15 22:27:11]    ├─ .output/server/chunks/index.get.mjs.map (860 B) (299 B gzip)
[2024/02/15 22:27:11]    ├─ .output/server/chunks/index.get10.mjs (1.06 kB) (483 B gzip)
[2024/02/15 22:27:11]    ├─ .output/server/chunks/index.get10.mjs.map (938 B) (324 B gzip)
[2024/02/15 22:27:11]    ├─ .output/server/chunks/index.get11.mjs (1.05 kB) (485 B gzip)
[2024/02/15 22:27:11]    ├─ .output/server/chunks/index.get11.mjs.map (937 B) (322 B gzip)
[2024/02/15 22:27:11]    ├─ .output/server/chunks/index.get12.mjs (1.09 kB) (490 B gzip)
[2024/02/15 22:27:11]    ├─ .output/server/chunks/index.get12.mjs.map (946 B) (329 B gzip)
[2024/02/15 22:27:11]    ├─ .output/server/chunks/index.get13.mjs (1.05 kB) (487 B gzip)
[2024/02/15 22:27:11]    ├─ .output/server/chunks/index.get13.mjs.map (937 B) (322 B gzip)
[2024/02/15 22:27:11]    ├─ .output/server/chunks/index.get14.mjs (984 B) (470 B gzip)
[2024/02/15 22:27:11]    ├─ .output/server/chunks/index.get14.mjs.map (856 B) (296 B gzip)
[2024/02/15 22:27:11]    ├─ .output/server/chunks/index.get15.mjs (980 B) (469 B gzip)
[2024/02/15 22:27:11]    ├─ .output/server/chunks/index.get15.mjs.map (851 B) (292 B gzip)
[2024/02/15 22:27:11]    ├─ .output/server/chunks/index.get16.mjs (988 B) (474 B gzip)
[2024/02/15 22:27:11]    ├─ .output/server/chunks/index.get16.mjs.map (861 B) (298 B gzip)
[2024/02/15 22:27:11]    ├─ .output/server/chunks/index.get2.mjs (2.78 kB) (791 B gzip)
[2024/02/15 22:27:11]    ├─ .output/server/chunks/index.get2.mjs.map (2.77 kB) (502 B gzip)
[2024/02/15 22:27:11]    ├─ .output/server/chunks/index.get3.mjs (1.45 kB) (585 B gzip)
[2024/02/15 22:27:11]    ├─ .output/server/chunks/index.get3.mjs.map (1.5 kB) (366 B gzip)
[2024/02/15 22:27:11]    ├─ .output/server/chunks/index.get4.mjs (1.45 kB) (585 B gzip)
[2024/02/15 22:27:11]    ├─ .output/server/chunks/index.get4.mjs.map (1.5 kB) (368 B gzip)
[2024/02/15 22:27:11]    ├─ .output/server/chunks/index.get5.mjs (813 B) (380 B gzip)
[2024/02/15 22:27:11]    ├─ .output/server/chunks/index.get5.mjs.map (593 B) (245 B gzip)
[2024/02/15 22:27:11]    ├─ .output/server/chunks/index.get6.mjs (980 B) (469 B gzip)
[2024/02/15 22:27:11]    ├─ .output/server/chunks/index.get6.mjs.map (851 B) (293 B gzip)
[2024/02/15 22:27:11]    ├─ .output/server/chunks/index.get7.mjs (981 B) (470 B gzip)
[2024/02/15 22:27:11]    ├─ .output/server/chunks/index.get7.mjs.map (853 B) (295 B gzip)
[2024/02/15 22:27:11]    ├─ .output/server/chunks/index.get8.mjs (986 B) (472 B gzip)
[2024/02/15 22:27:11]    ├─ .output/server/chunks/index.get8.mjs.map (859 B) (300 B gzip)
[2024/02/15 22:27:11]    ├─ .output/server/chunks/index.get9.mjs (979 B) (466 B gzip)
[2024/02/15 22:27:11]    ├─ .output/server/chunks/index.get9.mjs.map (850 B) (292 B gzip)
[2024/02/15 22:27:11]    ├─ .output/server/chunks/index.mjs (14.8 kB) (4.07 kB gzip)
[2024/02/15 22:27:11]    ├─ .output/server/chunks/index.mjs.map (184 B) (156 B gzip)
[2024/02/15 22:27:11]    ├─ .output/server/chunks/index.post.mjs (745 B) (362 B gzip)
[2024/02/15 22:27:11]    ├─ .output/server/chunks/index.post.mjs.map (586 B) (241 B gzip)
[2024/02/15 22:27:11]    ├─ .output/server/chunks/index.post2.mjs (745 B) (363 B gzip)
[2024/02/15 22:27:11]    ├─ .output/server/chunks/index.post2.mjs.map (586 B) (242 B gzip)
[2024/02/15 22:27:11]    ├─ .output/server/chunks/index.put.mjs (786 B) (378 B gzip)
[2024/02/15 22:27:11]    ├─ .output/server/chunks/index.put.mjs.map (644 B) (252 B gzip)
[2024/02/15 22:27:11]    ├─ .output/server/chunks/index.put2.mjs (786 B) (379 B gzip)
[2024/02/15 22:27:11]    ├─ .output/server/chunks/index.put2.mjs.map (644 B) (256 B gzip)
[2024/02/15 22:27:11]    ├─ .output/server/chunks/index.put3.mjs (793 B) (385 B gzip)
[2024/02/15 22:27:11]    ├─ .output/server/chunks/index.put3.mjs.map (645 B) (255 B gzip)
[2024/02/15 22:27:11]    ├─ .output/server/chunks/index.put4.mjs (794 B) (386 B gzip)
[2024/02/15 22:27:11]    ├─ .output/server/chunks/index.put4.mjs.map (647 B) (259 B gzip)
[2024/02/15 22:27:11]    ├─ .output/server/chunks/index.put5.mjs (792 B) (385 B gzip)
[2024/02/15 22:27:11]    ├─ .output/server/chunks/index.put5.mjs.map (644 B) (254 B gzip)
[2024/02/15 22:27:11]    ├─ .output/server/chunks/index.put6.mjs (796 B) (387 B gzip)
[2024/02/15 22:27:11]    ├─ .output/server/chunks/index.put6.mjs.map (649 B) (261 B gzip)
[2024/02/15 22:27:11]    ├─ .output/server/chunks/index.put7.mjs (792 B) (385 B gzip)
[2024/02/15 22:27:11]    ├─ .output/server/chunks/index.put7.mjs.map (644 B) (254 B gzip)
[2024/02/15 22:27:11]    ├─ .output/server/chunks/multipart-parser.mjs (5.1 kB) (2.12 kB gzip)
[2024/02/15 22:27:11]    ├─ .output/server/chunks/multipart-parser.mjs.map (210 B) (167 B gzip)
[2024/02/15 22:27:11]    ├─ .output/server/chunks/nitro/node-server.mjs (293 kB) (74.1 kB gzip)
[2024/02/15 22:27:11]    ├─ .output/server/chunks/nitro/node-server.mjs.map (3.47 kB) (900 B gzip)
[2024/02/15 22:27:11]    ├─ .output/server/chunks/rollup/_virtual_spa-template.mjs (94 B) (100 B gzip)
[2024/02/15 22:27:11]    ├─ .output/server/chunks/rollup/_virtual_spa-template.mjs.map (112 B) (112 B gzip)
[2024/02/15 22:27:11]    ├─ .output/server/index.mjs (450 B) (232 B gzip)
[2024/02/15 22:27:11]    └─ .output/server/package.json (2.68 kB) (803 B gzip)
[2024/02/15 22:27:11]  Σ Total size: 4.88 MB (1.23 MB gzip)
[2024/02/15 22:27:11]  [nitro] ✔ You can preview this build using node .output/server/index.mjs
[2024/02/15 22:27:13]  httpd is restarted.
[2024/02/15 22:27:13]  Use --update-env to update environment variables
[2024/02/15 22:27:14]  [PM2] Applying action restartProcessId on app [0](ids: [ '0' ])
[2024/02/15 22:27:14]  [PM2] [story-blog](0) ✓
[2024/02/15 22:27:14]  ┌────┬───────────────┬─────────────┬─────────┬─────────┬──────────┬────────┬──────┬───────────┬──────────┬──────────┬──────────┬──────────┐
[2024/02/15 22:27:14]  │ id │ name          │ namespace   │ version │ mode    │ pid      │ uptime │ ↺    │ status    │ cpu      │ mem      │ user     │ watching │
[2024/02/15 22:27:14]  ├────┼───────────────┼─────────────┼─────────┼─────────┼──────────┼────────┼──────┼───────────┼──────────┼──────────┼──────────┼──────────┤
[2024/02/15 22:27:14]  │ 4  │ fairy-bot     │ default     │ 1.0.0   │ fork    │ 99759    │ 4h     │ 22   │ online    │ 0%       │ 11.3mb   │ gituser  │ disabled │
[2024/02/15 22:27:14]  │ 0  │ story-blog    │ default     │ 0.0.0   │ cluster │ 101930   │ 0s     │ 34   │ online    │ 0%       │ 46.7mb   │ gituser  │ disabled │
[2024/02/15 22:27:14]  └────┴───────────────┴─────────────┴─────────┴─────────┴──────────┴────────┴──────┴───────────┴──────────┴──────────┴──────────┴──────────┘
[2024/02/15 22:27:14]  pm2 is restarted.
[2024/02/15 22:27:14]  Switched to branch 'log'
[2024/02/15 22:27:16]  From github.com:kikuzak/story-blog
[2024/02/15 22:27:16]   * branch            main       -> FETCH_HEAD
[2024/02/15 22:27:16]  fatal: Not possible to fast-forward, aborting.
